[2015-02-13 15:02:06] START
[2015-02-13 15:07:05] EDIT twitkiller/models/db.py: 10
[2015-02-13 15:07:44] EDIT twitkiller/models/db.py: 0
[2015-02-13 15:09:23] EDIT twitkiller/views/default/index.html: -31
[2015-02-13 15:09:37] CREATE default/post.load: 0
[2015-02-13 15:10:19] EDIT twitkiller/views/default/post.load: -13
[2015-02-13 15:11:21] EDIT twitkiller/controllers/default.py: 3
[2015-02-13 15:11:27] EDIT twitkiller/controllers/default.py: 0
[2015-02-13 15:11:41] EDIT twitkiller/controllers/default.py: 1
[2015-02-13 15:11:50] EDIT twitkiller/controllers/default.py: -1
[2015-02-13 15:12:10] EDIT twitkiller/views/default/index.html: 1
[2015-02-13 15:12:32] EDIT twitkiller/models/db.py: 0
[2015-02-13 15:12:57] EDIT twitkiller/models/db.py: 0
[2015-02-13 15:13:21] EDIT twitkiller/models/db.py: 0
[2015-02-13 15:13:39] EDIT twitkiller/views/default/post.load: 0
[2015-02-13 15:13:50] EDIT twitkiller/models/db.py: 0
[2015-02-13 15:15:08] EDIT twitkiller/models/db.py: 0
[2015-02-13 15:15:39] EDIT twitkiller/models/db.py: 0
[2015-02-13 15:15:47] EDIT twitkiller/models/db.py: 0
[2015-02-13 15:15:51] EDIT twitkiller/models/db.py: 0
[2015-02-13 15:15:59] EDIT twitkiller/models/db.py: 0
[2015-02-13 15:16:20] EDIT twitkiller/models/db.py: 0
[2015-02-13 15:16:39] EDIT twitkiller/models/db.py: 0
[2015-02-13 15:18:03] EDIT twitkiller/controllers/default.py: 3
[2015-02-13 15:18:19] EDIT twitkiller/controllers/default.py: 1
[2015-02-13 15:19:41] EDIT twitkiller/controllers/default.py: 0
[2015-02-13 15:25:46] EDIT twitkiller/controllers/default.py: 0
[2015-02-13 15:26:02] EDIT twitkiller/models/db.py: 0
[2015-02-13 15:26:40] EDIT twitkiller/controllers/default.py: 0
[2015-02-13 15:26:57] EDIT twitkiller/controllers/default.py: 0
[2015-02-13 15:27:49] EDIT twitkiller/controllers/default.py: 0
[2015-02-13 15:28:49] EDIT twitkiller/controllers/default.py: 0
[2015-02-13 15:37:16] EDIT twitkiller/controllers/default.py: 0
[2015-02-13 15:52:19] EDIT twitkiller/controllers/default.py: 1
[2015-02-13 15:53:13] EDIT twitkiller/controllers/default.py: 1
[2015-02-13 16:06:32] EDIT twitkiller/controllers/default.py: 0
[2015-02-13 16:35:58] EDIT twitkiller/models/db.py: 0
[2015-02-13 16:42:13] EDIT twitkiller/models/db.py: 0
[2015-02-13 17:06:58] EDIT twitkiller/controllers/default.py: 0
[2015-02-13 17:07:07] EDIT twitkiller/controllers/default.py: 0
[2015-02-13 17:07:35] EDIT twitkiller/controllers/default.py: 1
[2015-02-13 17:12:35] EDIT twitkiller/views/default/index.html: 0
[2015-02-13 17:13:32] EDIT twitkiller/views/default/index.html: 0
[2015-02-13 17:14:20] EDIT twitkiller/views/default/index.html: 1
[2015-02-13 17:15:00] EDIT twitkiller/controllers/default.py: 3
[2015-02-13 17:15:13] EDIT twitkiller/views/default/post.load: -6
[2015-02-13 17:15:29] CREATE default/timeline.load: 0
[2015-02-13 17:15:37] EDIT twitkiller/views/default/timeline.load: -14
[2015-02-13 17:28:00] CREATE tables.py: 0
[2015-02-13 17:39:06] DELETE twitkiller/models/tables.py: 0
[2015-02-13 17:45:41] EDIT twitkiller/views/default/index.html: 4
[2015-02-13 17:45:44] EDIT twitkiller/views/default/index.html: 0
[2015-02-13 17:46:01] EDIT twitkiller/views/default/index.html: 2
[2015-02-13 17:55:46] EDIT twitkiller/controllers/default.py: 6
[2015-02-13 18:15:11] EDIT twitkiller/views/default/index.html: 8
[2015-02-13 18:15:15] EDIT twitkiller/views/default/index.html: 0
[2015-02-13 18:17:12] EDIT twitkiller/views/default/timeline.load: 0
[2015-02-13 18:21:02] EDIT twitkiller/controllers/default.py: 0
[2015-02-13 18:22:18] EDIT twitkiller/views/default/timeline.load: 0
[2015-02-13 18:22:58] EDIT twitkiller/views/default/timeline.load: 0
[2015-02-13 18:23:29] EDIT twitkiller/controllers/default.py: 0
[2015-02-13 18:24:36] EDIT twitkiller/views/default/index.html: -8
[2015-02-13 18:27:31] EDIT twitkiller/views/default/timeline.load: 0
[2015-02-13 18:29:03] EDIT twitkiller/views/default/timeline.load: 0
[2015-02-13 18:29:22] EDIT twitkiller/views/default/timeline.load: 1
[2015-02-13 18:33:23] EDIT twitkiller/views/default/timeline.load: 4
[2015-02-13 18:33:49] EDIT twitkiller/views/default/timeline.load: 0
[2015-02-13 18:35:06] EDIT twitkiller/controllers/default.py: 4
[2015-02-13 18:35:45] EDIT twitkiller/models/menu.py: 1
[2015-02-13 18:36:14] EDIT twitkiller/models/menu.py: -104
[2015-02-13 18:36:43] CREATE default/user_directory.html: 0
[2015-02-13 18:36:55] EDIT twitkiller/views/default/user_directory.html: 0
[2015-02-13 18:37:56] EDIT twitkiller/views/default/timeline.load: -5
[2015-02-13 18:39:13] EDIT twitkiller/views/default/user_directory.html: 6
[2015-02-13 18:39:57] EDIT twitkiller/views/default/user_directory.html: 0
[2015-02-13 18:40:14] EDIT twitkiller/views/default/user_directory.html: 0
[2015-02-13 18:42:08] EDIT twitkiller/views/default/user_directory.html: 0
[2015-02-13 18:42:32] EDIT twitkiller/views/default/user_directory.html: 0
[2015-02-13 18:42:50] EDIT twitkiller/views/default/user_directory.html: 0
[2015-02-13 18:43:22] EDIT twitkiller/views/default/user_directory.html: 0
[2015-02-13 18:43:30] EDIT twitkiller/controllers/default.py: 1
[2015-02-13 18:44:40] EDIT twitkiller/controllers/default.py: 0
[2015-02-13 18:44:59] EDIT twitkiller/views/default/user_directory.html: 1
[2015-02-13 18:46:18] EDIT twitkiller/controllers/default.py: 0
[2015-02-13 18:46:31] EDIT twitkiller/controllers/default.py: 0
[2015-02-13 18:47:19] EDIT twitkiller/controllers/default.py: 0
[2015-02-13 18:49:01] EDIT twitkiller/controllers/default.py: 0
[2015-02-13 18:49:20] EDIT twitkiller/controllers/default.py: 0
[2015-02-13 18:52:03] EDIT twitkiller/controllers/default.py: 6
[2015-02-13 18:52:08] EDIT twitkiller/controllers/default.py: 0
[2015-02-13 19:11:26] EDIT twitkiller/controllers/default.py: 4
[2015-02-13 19:11:36] EDIT twitkiller/controllers/default.py: 0
[2015-02-13 19:11:45] EDIT twitkiller/controllers/default.py: 0
[2015-02-13 19:12:44] EDIT twitkiller/controllers/default.py: 0
[2015-02-13 19:13:04] EDIT twitkiller/controllers/default.py: 1
[2015-02-13 19:14:32] EDIT twitkiller/models/db.py: 0
[2015-02-15 21:23:33] EDIT twitkiller/models/db.py: 1
[2015-02-15 21:33:01] EDIT twitkiller/controllers/default.py: 2
[2015-02-15 21:34:36] EDIT twitkiller/models/db.py: 0
[2015-02-15 21:36:52] EDIT twitkiller/controllers/default.py: 0
[2015-02-15 22:00:14] EDIT twitkiller/controllers/default.py: 0
[2015-02-15 22:07:49] EDIT twitkiller/controllers/default.py: 0
[2015-02-15 22:11:17] EDIT twitkiller/controllers/default.py: 3
[2015-02-15 22:15:45] EDIT twitkiller/controllers/default.py: 2
[2015-02-15 22:33:12] EDIT twitkiller/controllers/default.py: 0
[2015-02-15 22:45:25] EDIT twitkiller/controllers/default.py: 0
[2015-02-15 22:52:34] EDIT twitkiller/controllers/default.py: 0
[2015-02-15 22:53:36] EDIT twitkiller/controllers/default.py: 0
[2015-02-15 22:54:14] EDIT twitkiller/controllers/default.py: 0
[2015-02-15 22:59:47] EDIT twitkiller/views/default/timeline.load: -1
[2015-02-15 23:00:38] EDIT twitkiller/views/default/timeline.load: 0
[2015-02-15 23:01:52] EDIT twitkiller/views/default/timeline.load: 0
[2015-02-15 23:02:48] EDIT twitkiller/views/default/timeline.load: 0
[2015-02-15 23:04:21] EDIT twitkiller/controllers/default.py: 0
[2015-02-15 23:30:48] EDIT twitkiller/views/default/timeline.load: 0
[2015-02-15 23:32:05] EDIT twitkiller/views/default/timeline.load: 1
[2015-02-15 23:36:39] EDIT twitkiller/views/default/timeline.load: 0
[2015-02-16 00:04:55] EDIT twitkiller/controllers/default.py: 1
[2015-02-16 01:04:03] EDIT twitkiller/controllers/default.py: 0
[2015-02-16 01:04:15] EDIT twitkiller/controllers/default.py: 0
[2015-02-16 01:06:05] EDIT twitkiller/controllers/default.py: -3
[2015-02-16 01:07:31] EDIT twitkiller/controllers/default.py: 0
[2015-02-16 01:10:05] EDIT twitkiller/controllers/default.py: 4
[2015-02-16 03:28:33] EDIT twitkiller/views/default/timeline.load: -1
[2015-02-16 03:30:30] EDIT twitkiller/views/default/timeline.load: 0
[2015-02-16 03:36:58] EDIT twitkiller/controllers/default.py: 0
[2015-02-16 03:43:00] EDIT twitkiller/controllers/default.py: 2
[2015-02-16 03:43:40] EDIT twitkiller/controllers/default.py: 0
[2015-02-16 03:44:47] EDIT twitkiller/controllers/default.py: 0
[2015-02-16 03:53:17] EDIT twitkiller/controllers/default.py: 0
[2015-02-16 03:57:50] EDIT twitkiller/controllers/default.py: 2
[2015-02-16 04:00:16] EDIT twitkiller/controllers/default.py: 1
[2015-02-16 04:05:45] EDIT twitkiller/views/default/timeline.load: 2
[2015-02-16 04:06:40] EDIT twitkiller/views/default/timeline.load: 0
[2015-02-16 04:07:41] EDIT twitkiller/views/default/timeline.load: -1
[2015-02-16 04:08:30] EDIT twitkiller/views/default/timeline.load: -1
[2015-02-16 04:15:36] EDIT twitkiller/controllers/default.py: 0
[2015-02-16 04:16:18] EDIT twitkiller/controllers/default.py: 0
[2015-02-16 04:17:24] EDIT twitkiller/controllers/default.py: 0
[2015-02-16 04:18:04] EDIT twitkiller/views/default/timeline.load: 0
[2015-02-16 04:20:13] EDIT twitkiller/views/default/timeline.load: 0
[2015-02-16 04:21:09] EDIT twitkiller/views/default/timeline.load: 0
[2015-02-16 04:29:06] EDIT twitkiller/views/default/timeline.load: 0
[2015-02-16 04:32:14] EDIT twitkiller/views/default/timeline.load: 0
[2015-02-16 04:32:54] EDIT twitkiller/views/default/timeline.load: 0
[2015-02-16 04:33:24] EDIT twitkiller/views/default/timeline.load: 0
[2015-02-16 04:34:05] EDIT twitkiller/controllers/default.py: 0
[2015-02-16 04:34:51] EDIT twitkiller/views/default/timeline.load: 0
[2015-02-16 04:40:00] EDIT twitkiller/views/default/timeline.load: 0
[2015-02-16 04:55:58] EDIT twitkiller/controllers/default.py: -3
[2015-02-16 10:55:21] EDIT twitkiller/controllers/default.py: 2
[2015-02-16 11:02:36] EDIT twitkiller/controllers/default.py: 0
[2015-02-16 11:10:25] EDIT twitkiller/controllers/default.py: 1
[2015-02-16 11:12:32] EDIT twitkiller/controllers/default.py: 0
[2015-02-16 11:23:09] EDIT twitkiller/controllers/default.py: 0
[2015-02-16 11:29:49] EDIT twitkiller/views/default/timeline.load: 0
[2015-02-16 11:30:02] EDIT twitkiller/views/default/timeline.load: 0
[2015-02-16 11:51:43] EDIT twitkiller/views/default/timeline.load: 0
[2015-02-16 11:55:06] EDIT twitkiller/views/default/timeline.load: 0
[2015-02-16 11:55:23] EDIT twitkiller/views/default/timeline.load: 0
[2015-02-16 11:57:40] EDIT twitkiller/views/default/timeline.load: 0
[2015-02-16 12:16:29] EDIT twitkiller/controllers/default.py: -1
[2015-02-16 12:26:30] EDIT twitkiller/controllers/default.py: 7
[2015-02-16 12:32:01] EDIT twitkiller/controllers/default.py: 0
[2015-02-16 12:43:06] EDIT twitkiller/controllers/default.py: 8
[2015-02-16 12:48:31] EDIT twitkiller/controllers/default.py: 2
[2015-02-16 12:52:02] EDIT twitkiller/controllers/default.py: -17
[2015-02-16 13:08:06] EDIT twitkiller/controllers/default.py: 1
[2015-02-16 20:58:41] EDIT twitkiller/controllers/default.py: 8
[2015-02-16 20:59:41] EDIT twitkiller/views/default/index.html: 1
[2015-02-16 21:01:03] EDIT twitkiller/controllers/default.py: 0
[2015-02-16 21:02:24] EDIT twitkiller/views/default/index.html: 0
[2015-02-16 21:03:36] CREATE default/search.load: 0
[2015-02-16 21:03:54] EDIT twitkiller/views/default/search.load: -19
[2015-02-16 21:04:08] EDIT twitkiller/views/default/index.html: 0
[2015-02-16 22:00:13] EDIT twitkiller/views/default/index.html: -1
[2015-02-16 22:29:07] CREATE default/search.html: 0
[2015-02-16 22:29:29] EDIT twitkiller/views/default/search.html: -1
[2015-02-16 22:39:48] EDIT twitkiller/views/default/search.html: 15
[2015-02-16 22:46:03] EDIT twitkiller/views/default/search.html: 6
[2015-02-16 23:02:09] EDIT twitkiller/controllers/default.py: -1
[2015-02-16 23:03:21] EDIT twitkiller/controllers/default.py: 2
[2015-02-16 23:13:55] EDIT twitkiller/controllers/default.py: 5
[2015-02-16 23:16:34] EDIT twitkiller/controllers/default.py: 0
[2015-02-16 23:20:21] EDIT twitkiller/controllers/default.py: 3
[2015-02-17 00:54:56] EDIT twitkiller/views/default/search.html: 8
[2015-02-17 00:59:24] EDIT twitkiller/views/default/search.html: 5
[2015-02-17 01:07:29] EDIT twitkiller/views/default/search.html: 1
[2015-02-17 01:09:21] EDIT twitkiller/views/default/search.html: 1
[2015-02-17 01:10:12] EDIT twitkiller/views/default/search.html: -1
[2015-02-17 01:10:49] EDIT twitkiller/views/default/search.html: -1
[2015-02-17 01:12:00] EDIT twitkiller/views/default/search.html: 1
[2015-02-17 01:15:15] EDIT twitkiller/views/default/search.html: 0
[2015-02-17 01:16:40] EDIT twitkiller/views/default/search.html: 0
[2015-02-17 01:20:10] EDIT twitkiller/views/default/search.html: 1
[2015-02-17 01:24:11] EDIT twitkiller/views/default/search.html: 4
[2015-02-17 01:38:24] EDIT twitkiller/controllers/default.py: 0
[2015-02-17 01:40:14] EDIT twitkiller/controllers/default.py: 0
[2015-02-17 01:45:59] EDIT twitkiller/controllers/default.py: 0
[2015-02-17 01:53:20] EDIT twitkiller/controllers/default.py: -1
[2015-02-17 01:59:24] EDIT twitkiller/controllers/default.py: 0
[2015-02-17 01:59:55] EDIT twitkiller/controllers/default.py: 0
[2015-02-17 02:11:06] EDIT twitkiller/controllers/default.py: 0
[2015-02-17 02:34:50] EDIT twitkiller/controllers/default.py: 0
[2015-02-17 02:52:22] EDIT twitkiller/controllers/default.py: 0
[2015-02-17 02:53:15] EDIT twitkiller/controllers/default.py: 0
[2015-02-17 03:07:42] EDIT twitkiller/controllers/default.py: 0
[2015-02-17 03:18:13] EDIT twitkiller/controllers/default.py: 0
[2015-02-17 03:18:58] EDIT twitkiller/views/default/search.html: 0
[2015-02-17 03:19:46] EDIT twitkiller/controllers/default.py: 0
[2015-02-17 03:23:11] EDIT twitkiller/models/menu.py: 1
[2015-02-17 03:24:16] EDIT twitkiller/models/menu.py: 0
[2015-02-17 03:25:11] EDIT twitkiller/models/menu.py: 0
[2015-02-17 03:42:34] EDIT twitkiller/views/default/search.html: 1
[2015-02-17 03:43:00] EDIT twitkiller/views/default/search.html: 0
[2015-02-17 03:44:33] EDIT twitkiller/views/default/search.html: 0
[2015-02-17 03:44:53] EDIT twitkiller/views/default/search.html: 0
[2015-02-17 03:48:08] EDIT twitkiller/views/default/index.html: 0
[2015-02-17 03:48:21] EDIT twitkiller/views/default/index.html: 0
[2015-02-17 11:01:06] EDIT twitkiller/controllers/default.py: 0
[2015-02-17 11:07:23] EDIT twitkiller/controllers/default.py: 0
[2015-02-17 11:07:49] EDIT twitkiller/controllers/default.py: 0
[2015-02-17 11:08:23] EDIT twitkiller/views/default/index.html: 0
[2015-02-17 11:15:20] EDIT twitkiller/views/default/post.load: 5
[2015-02-17 11:17:13] EDIT twitkiller/views/default/post.load: 2
[2015-02-17 11:17:37] EDIT twitkiller/views/default/post.load: 0
[2015-02-17 11:18:38] EDIT twitkiller/views/default/post.load: 0
[2015-02-17 11:26:34] EDIT twitkiller/views/default/post.load: 4
[2015-02-17 11:32:32] EDIT twitkiller/views/default/post.load: -1
[2015-02-17 11:33:28] EDIT twitkiller/views/default/index.html: 0
[2015-02-17 11:42:21] EDIT twitkiller/views/default/search.html: 0
[2015-02-17 11:43:53] EDIT twitkiller/views/default/search.html: 14
[2015-02-17 11:44:16] EDIT twitkiller/views/default/search.html: 0
[2015-02-17 11:44:35] EDIT twitkiller/views/default/search.html: 0
[2015-02-17 11:45:46] EDIT twitkiller/views/default/search.html: -6
[2015-02-17 11:47:52] EDIT twitkiller/views/default/search.html: 3
[2015-02-17 11:49:22] EDIT twitkiller/views/default/search.html: 0
[2015-02-17 11:50:06] EDIT twitkiller/views/default/search.html: 0
[2015-02-17 11:50:30] EDIT twitkiller/views/default/search.html: 0
[2015-02-17 11:51:32] EDIT twitkiller/views/default/search.html: -16
[2015-02-17 11:51:56] EDIT twitkiller/views/default/search.html: 0
[2015-02-17 11:53:20] EDIT twitkiller/views/default/search.html: 0
[2015-02-17 13:19:12] EDIT twitkiller/views/default/post.load: 4
[2015-02-17 13:20:01] EDIT twitkiller/views/default/post.load: 5
[2015-02-17 13:20:33] EDIT twitkiller/views/default/post.load: 0
[2015-02-17 13:21:10] EDIT twitkiller/views/default/post.load: 0
[2015-02-17 13:26:06] EDIT twitkiller/views/default/post.load: -15
[2015-02-17 13:27:26] EDIT twitkiller/views/default/post.load: 0
[2015-02-17 13:28:46] EDIT twitkiller/views/default/post.load: 4
[2015-02-17 13:36:18] EDIT twitkiller/views/default/post.load: -2
[2015-02-17 13:37:11] EDIT twitkiller/views/default/post.load: -1
[2015-02-17 13:38:33] EDIT twitkiller/views/default/post.load: 4
[2015-02-17 13:42:42] EDIT twitkiller/views/default/post.load: 0
[2015-02-17 13:43:35] EDIT twitkiller/views/default/post.load: 0
[2015-02-17 13:44:42] EDIT twitkiller/views/default/post.load: -1
[2015-02-17 13:45:06] EDIT twitkiller/views/default/post.load: 0
[2015-02-17 13:46:09] EDIT twitkiller/views/default/post.load: 2
[2015-02-17 13:46:29] EDIT twitkiller/views/default/post.load: 0
[2015-02-17 13:47:37] EDIT twitkiller/views/default/index.html: -1
[2015-02-17 13:47:59] EDIT twitkiller/views/default/index.html: 1
[2015-02-17 13:48:58] EDIT twitkiller/views/default/index.html: 0
[2015-02-17 14:26:54] CREATE private/janrain.key: 0
[2015-02-17 14:33:25] EDIT twitkiller/private/private/janrain.key: 1
[2015-02-17 14:38:26] EDIT twitkiller/models/db.py: 6
[2015-02-17 14:46:30] EDIT twitkiller/models/db.py: 0
[2015-02-18 01:08:43] EDIT twitkiller/models/db.py: 6
[2015-02-18 01:35:22] EDIT twitkiller/controllers/default.py: 3
[2015-02-18 01:35:54] EDIT twitkiller/controllers/default.py: 1
[2015-02-18 01:36:20] EDIT twitkiller/controllers/default.py: -2
[2015-02-18 01:36:28] EDIT twitkiller/controllers/default.py: 0
[2015-02-18 01:36:42] EDIT twitkiller/controllers/default.py: 0
[2015-02-18 01:36:48] EDIT twitkiller/controllers/default.py: 0
[2015-02-18 01:36:56] EDIT twitkiller/controllers/default.py: 0
[2015-02-18 01:37:08] EDIT twitkiller/controllers/default.py: 0
[2015-02-18 01:37:58] EDIT twitkiller/controllers/default.py: -2
[2015-02-18 01:38:33] EDIT twitkiller/controllers/default.py: 1
[2015-02-18 01:44:57] EDIT twitkiller/controllers/default.py: 6
[2015-02-18 02:06:32] EDIT twitkiller/controllers/default.py: 6
[2015-02-18 02:10:13] EDIT twitkiller/controllers/default.py: 0
[2015-02-18 02:58:13] EDIT twitkiller/controllers/default.py: 0
[2015-02-18 03:00:42] EDIT twitkiller/controllers/default.py: 1
[2015-02-18 03:03:47] EDIT twitkiller/controllers/default.py: 4
[2015-02-18 03:04:18] EDIT twitkiller/controllers/default.py: 0
[2015-02-18 03:18:39] EDIT twitkiller/controllers/default.py: 0
[2015-02-18 03:19:38] EDIT twitkiller/controllers/default.py: 0
[2015-02-18 03:23:45] EDIT twitkiller/controllers/default.py: 0
[2015-02-18 03:23:52] EDIT twitkiller/controllers/default.py: 0
[2015-02-18 03:25:17] EDIT twitkiller/controllers/default.py: 0
[2015-02-18 03:26:39] EDIT twitkiller/controllers/default.py: 0
[2015-02-18 03:27:33] EDIT twitkiller/controllers/default.py: 0
[2015-02-18 03:28:29] EDIT twitkiller/controllers/default.py: -2
[2015-02-18 03:29:40] EDIT twitkiller/controllers/default.py: 1
[2015-02-18 03:34:10] EDIT twitkiller/controllers/default.py: 0
[2015-02-18 03:57:53] EDIT twitkiller/controllers/default.py: -1
[2015-02-18 03:58:52] EDIT twitkiller/controllers/default.py: 0
[2015-02-18 04:00:06] EDIT twitkiller/controllers/default.py: 1
[2015-02-18 10:57:22] EDIT twitkiller/controllers/default.py: 3
[2015-02-18 11:12:28] EDIT twitkiller/controllers/default.py: 0
[2015-02-18 11:23:48] EDIT twitkiller/controllers/default.py: -3
[2015-02-18 11:33:11] EDIT twitkiller/controllers/default.py: 2
[2015-02-18 12:04:08] EDIT twitkiller/controllers/default.py: 1
[2015-02-18 12:04:25] EDIT twitkiller/controllers/default.py: 0
[2015-02-18 12:06:03] EDIT twitkiller/controllers/default.py: 2
[2015-02-18 12:07:34] EDIT twitkiller/controllers/default.py: 0
[2015-02-18 12:32:54] EDIT twitkiller/views/default/timeline.load: 4
[2015-02-18 12:34:13] EDIT twitkiller/controllers/default.py: 1
[2015-02-18 12:40:33] EDIT twitkiller/views/default/timeline.load: 0
[2015-02-18 12:41:44] EDIT twitkiller/views/default/timeline.load: 2
[2015-02-18 12:42:28] EDIT twitkiller/views/default/timeline.load: 0
[2015-02-18 22:48:56] EDIT twitkiller/controllers/default.py: 0
[2015-02-19 16:30:30] EDIT twitkiller/controllers/default.py: 0
[2015-02-22 14:17:44] EDIT twitkiller/controllers/default.py: 3
[2015-02-22 14:24:17] EDIT twitkiller/controllers/default.py: 1
[2015-02-22 14:25:37] EDIT twitkiller/controllers/default.py: 0
[2015-02-22 14:27:17] EDIT twitkiller/controllers/default.py: 3
[2015-02-22 14:35:28] EDIT twitkiller/controllers/default.py: 3
[2015-02-22 14:53:17] EDIT twitkiller/controllers/default.py: 0
[2015-02-22 14:54:12] EDIT twitkiller/controllers/default.py: 0
[2015-02-22 14:58:54] EDIT twitkiller/controllers/default.py: 0
[2015-02-22 14:58:56] EDIT twitkiller/controllers/default.py: 0
[2015-02-22 14:59:04] EDIT twitkiller/controllers/default.py: 0
[2015-02-24 13:21:17] EDIT twitkiller/controllers/default.py: 0
[2015-02-24 13:32:21] EDIT twitkiller/controllers/default.py: 0
[2015-03-01 11:54:23] EDIT twitkiller/views/default/index.html: 0
[2015-03-01 11:57:29] EDIT twitkiller/views/default/index.html: 0
[2015-03-01 11:59:46] EDIT twitkiller/views/default/index.html: 0
[2015-03-01 12:07:36] EDIT twitkiller/views/default/user_directory.html: 1
[2015-03-01 12:08:18] EDIT twitkiller/views/default/user_directory.html: -1
[2015-03-01 12:10:38] EDIT twitkiller/views/default/user_directory.html: 1
[2015-03-01 12:13:45] EDIT twitkiller/views/default/user_directory.html: -1
[2015-03-01 12:15:06] EDIT twitkiller/views/default/user_directory.html: 1
[2015-03-01 12:16:04] EDIT twitkiller/views/default/user_directory.html: 0
[2015-03-01 12:16:21] EDIT twitkiller/views/default/user_directory.html: 0
[2015-03-01 12:32:36] EDIT twitkiller/views/default/user_directory.html: 1
[2015-03-01 12:35:56] EDIT twitkiller/views/default/user_directory.html: 0
[2015-03-01 12:41:17] EDIT twitkiller/views/default/user_directory.html: 0
[2015-03-01 12:45:46] EDIT twitkiller/views/default/user_directory.html: 2
[2015-03-01 12:46:23] EDIT twitkiller/views/default/user_directory.html: 0
[2015-03-01 12:50:01] EDIT twitkiller/views/default/user_directory.html: 0
[2015-03-01 12:53:03] EDIT twitkiller/views/default/user_directory.html: 1
[2015-03-01 12:54:51] EDIT twitkiller/views/default/user_directory.html: 1
[2015-03-01 12:55:37] EDIT twitkiller/views/default/user_directory.html: 0
[2015-03-01 12:57:25] EDIT twitkiller/views/default/user_directory.html: 0
[2015-03-01 13:00:13] EDIT twitkiller/views/default/user_directory.html: 0
[2015-03-01 13:06:05] EDIT twitkiller/views/default/user_directory.html: 0
[2015-03-01 14:45:41] EDIT twitkiller/models/db.py: 1
[2015-03-01 14:58:47] EDIT twitkiller/controllers/default.py: 0
[2015-03-01 14:59:15] EDIT twitkiller/controllers/default.py: 0
[2015-03-01 14:59:37] EDIT twitkiller/controllers/default.py: 0
[2015-03-01 14:59:52] EDIT twitkiller/controllers/default.py: 0
[2015-03-01 15:10:04] EDIT twitkiller/controllers/default.py: 0
[2015-03-01 15:10:59] EDIT twitkiller/controllers/default.py: 0
[2015-03-01 15:16:58] EDIT twitkiller/controllers/default.py: 0
[2015-03-01 15:17:53] EDIT twitkiller/controllers/default.py: 0
[2015-03-01 15:20:34] EDIT twitkiller/controllers/default.py: 0
[2015-03-01 15:21:08] EDIT twitkiller/controllers/default.py: 0
[2015-03-01 15:44:26] EDIT twitkiller/controllers/default.py: 0
[2015-03-01 17:30:44] EDIT twitkiller/controllers/default.py: 0
[2015-03-01 17:33:18] EDIT twitkiller/controllers/default.py: 0
[2015-03-01 17:34:21] EDIT twitkiller/controllers/default.py: 1
[2015-03-01 17:35:51] EDIT twitkiller/controllers/default.py: 0
[2015-03-01 17:36:53] EDIT twitkiller/controllers/default.py: 0
[2015-03-01 17:38:31] EDIT twitkiller/controllers/default.py: 0
[2015-03-01 17:45:11] EDIT twitkiller/controllers/default.py: 0
[2015-03-01 17:50:01] EDIT twitkiller/controllers/default.py: 0
[2015-03-01 17:50:12] EDIT twitkiller/controllers/default.py: 0
[2015-03-01 17:50:14] EDIT twitkiller/controllers/default.py: 0
[2015-03-01 17:50:20] EDIT twitkiller/controllers/default.py: 0
[2015-03-01 17:50:28] EDIT twitkiller/controllers/default.py: 0
[2015-03-01 17:50:51] EDIT twitkiller/controllers/default.py: 0
[2015-03-01 17:51:13] EDIT twitkiller/controllers/default.py: 0
[2015-03-01 17:51:51] EDIT twitkiller/controllers/default.py: 0
[2015-03-01 17:52:48] EDIT twitkiller/controllers/default.py: 0
[2015-03-01 17:59:45] EDIT twitkiller/controllers/default.py: 0
[2015-03-01 18:01:14] EDIT twitkiller/controllers/default.py: 0
[2015-03-01 18:01:22] EDIT twitkiller/controllers/default.py: 0
[2015-03-01 18:01:31] EDIT twitkiller/controllers/default.py: 0
[2015-03-01 18:05:29] EDIT twitkiller/controllers/default.py: 0
[2015-03-01 18:05:57] EDIT twitkiller/controllers/default.py: 0
[2015-03-01 18:07:01] EDIT twitkiller/controllers/default.py: 0
[2015-03-01 18:08:01] EDIT twitkiller/controllers/default.py: 0
[2015-03-01 18:08:03] EDIT twitkiller/controllers/default.py: 0
[2015-03-01 18:08:07] EDIT twitkiller/controllers/default.py: 0
[2015-03-01 18:08:33] EDIT twitkiller/controllers/default.py: 0
[2015-03-01 18:08:40] EDIT twitkiller/controllers/default.py: 0
[2015-03-01 18:08:51] EDIT twitkiller/controllers/default.py: 0
[2015-03-01 18:09:17] EDIT twitkiller/controllers/default.py: 0
[2015-03-01 18:10:50] EDIT twitkiller/controllers/default.py: 0
[2015-03-01 18:12:47] EDIT twitkiller/controllers/default.py: 0
[2015-03-01 18:13:50] EDIT twitkiller/controllers/default.py: 0
[2015-03-01 18:15:06] EDIT twitkiller/controllers/default.py: 0
[2015-03-01 18:17:19] EDIT twitkiller/controllers/default.py: 0
[2015-03-01 19:34:50] EDIT twitkiller/controllers/default.py: 1
[2015-03-01 19:41:11] EDIT twitkiller/controllers/default.py: 0
[2015-03-01 20:02:35] EDIT twitkiller/controllers/default.py: 0
[2015-03-01 20:13:02] EDIT twitkiller/controllers/default.py: 0
[2015-03-01 20:55:14] EDIT twitkiller/controllers/default.py: 0
[2015-03-01 21:29:28] EDIT twitkiller/controllers/default.py: 0
[2015-03-01 21:34:22] EDIT twitkiller/controllers/default.py: 0
[2015-03-01 21:35:42] EDIT twitkiller/controllers/default.py: 0
[2015-03-02 03:27:03] EDIT twitkiller/controllers/default.py: 0
[2015-03-02 03:27:33] EDIT twitkiller/controllers/default.py: 0
[2015-03-02 09:23:52] EDIT twitkiller/controllers/default.py: 0
[2015-03-02 09:27:32] EDIT twitkiller/controllers/default.py: 0
